<?xml version="1.0" encoding="UTF-8"?>
<testng-results total="2" passed="2" failed="0" skipped="0">
  <reporter-output>
  </reporter-output>
  <suite started-at="2022-08-08T16:04:48Z" name="Suite" finished-at="2022-08-08T16:05:02Z" duration-ms="14569">
    <groups>
    </groups>
    <test started-at="2022-08-08T16:04:48Z" name="Test" finished-at="2022-08-08T16:05:02Z" duration-ms="14569">
      <class name="com.todos.tests.AddToDoTests">
        <test-method is-config="true" signature="setupTest(java.lang.String)[pri:0, instance:com.todos.tests.AddToDoTests@50dfbc58]" started-at="2022-08-08T17:04:48Z" name="setupTest" finished-at="2022-08-08T17:04:55Z" duration-ms="7295" status="PASS">
          <params>
            <param index="0">
              <value>
                <![CDATA[Chrome]]>
              </value>
            </param>
          </params>
          <reporter-output>
          </reporter-output>
        </test-method> <!-- setupTest -->
        <test-method signature="iCanAddToDo()[pri:0, instance:com.todos.tests.AddToDoTests@50dfbc58]" started-at="2022-08-08T17:04:55Z" name="iCanAddToDo" finished-at="2022-08-08T17:04:56Z" duration-ms="520" status="PASS">
          <reporter-output>
          </reporter-output>
        </test-method> <!-- iCanAddToDo -->
        <test-method is-config="true" signature="cleanTest()[pri:0, instance:com.todos.tests.AddToDoTests@50dfbc58]" started-at="2022-08-08T17:04:56Z" name="cleanTest" finished-at="2022-08-08T17:04:57Z" duration-ms="952" status="PASS">
          <reporter-output>
          </reporter-output>
        </test-method> <!-- cleanTest -->
      </class> <!-- com.todos.tests.AddToDoTests -->
      <class name="com.todos.tests.RemoveToDoTest">
        <test-method is-config="true" signature="setupTest(java.lang.String)[pri:0, instance:com.todos.tests.RemoveToDoTest@5717c37]" started-at="2022-08-08T17:04:57Z" name="setupTest" finished-at="2022-08-08T17:05:01Z" duration-ms="4838" status="PASS">
          <params>
            <param index="0">
              <value>
                <![CDATA[Chrome]]>
              </value>
            </param>
          </params>
          <reporter-output>
          </reporter-output>
        </test-method> <!-- setupTest -->
        <test-method signature="iCanRemoveToDoTest()[pri:0, instance:com.todos.tests.RemoveToDoTest@5717c37]" started-at="2022-08-08T17:05:01Z" name="iCanRemoveToDoTest" finished-at="2022-08-08T17:05:01Z" duration-ms="21" status="PASS">
          <reporter-output>
          </reporter-output>
        </test-method> <!-- iCanRemoveToDoTest -->
        <test-method is-config="true" signature="cleanTest()[pri:0, instance:com.todos.tests.RemoveToDoTest@5717c37]" started-at="2022-08-08T17:05:01Z" name="cleanTest" finished-at="2022-08-08T17:05:02Z" duration-ms="908" status="PASS">
          <reporter-output>
          </reporter-output>
        </test-method> <!-- cleanTest -->
      </class> <!-- com.todos.tests.RemoveToDoTest -->
    </test> <!-- Test -->
  </suite> <!-- Suite -->
</testng-results>
